2024-05-15T07:26:07+00:00 NOTICE Generating payment form for order #30334. CONTEXT: {"_legacy":true}
2024-05-15T07:26:07+00:00 NOTICE Data to be sent to payment gateway : Array
(
    [signature] => w+vtKt9LJKoZoP/+l7yK4qGkvsbcnVxLU8EnqKQh1CE=
    [vads_action_mode] => INTERACTIVE
    [vads_amount] => 10000
    [vads_available_languages] => 
    [vads_capture_delay] => 
    [vads_contrib] => WooCommerce_2.x-8.x_1.13.1/6.5.3_8.7.0/8.1.27
    [vads_ctx_mode] => TEST
    [vads_currency] => 978
    [vads_cust_address] => test test
    [vads_cust_city] => test
    [vads_cust_country] => FR
    [vads_cust_email] => julien@pixodeo.net
    [vads_cust_first_name] => julien
    [vads_cust_id] => 1
    [vads_cust_last_name] => dev
    [vads_cust_phone] => 6125555555
    [vads_cust_state] => 
    [vads_cust_status] => 
    [vads_cust_zip] => 33021
    [vads_cust_national_id] => 
    [vads_cust_address_number] => 
    [vads_cust_district] => test
    [vads_language] => en
    [vads_order_id] => 30334
    [vads_page_action] => PAYMENT
    [vads_payment_cards] => 
    [vads_payment_config] => SINGLE
    [vads_return_mode] => POST
    [vads_ship_to_city] => test
    [vads_ship_to_country] => FR
    [vads_ship_to_first_name] => julien
    [vads_ship_to_last_name] => dev
    [vads_ship_to_state] => 
    [vads_ship_to_street] => test
    [vads_ship_to_street2] => test
    [vads_ship_to_zip] => 33021
    [vads_shipping_amount] => 0
    [vads_site_id] => 12345678
    [vads_totalamount_vat] => 1667
    [vads_trans_date] => 20240515072607
    [vads_trans_id] => 267670
    [vads_url_return] => https://phn.pixodeo.dev/?wc-api=WC_Gateway_Systempay
    [vads_validation_mode] => 
    [vads_version] => V2
    [vads_ext_info_order_key] => wc_order_PwbhovUwRhr96
    [vads_ext_info_blog_id] => 0
    [vads_ext_info_session_id] => GL6FgEcMdP0XTNUr0ttJZ6XScQnu5fAwjuPnlVl8967
)
 CONTEXT: {"_legacy":true}
2024-05-15T07:28:39+00:00 NOTICE Generating payment form for order #30334. CONTEXT: {"_legacy":true}
2024-05-15T07:28:39+00:00 NOTICE Data to be sent to payment gateway : Array
(
    [signature] => GOMY9T2g0wIF8miiC0lWts3PJgjBzBbffs7i8ngy+Eg=
    [vads_action_mode] => INTERACTIVE
    [vads_amount] => 10000
    [vads_available_languages] => 
    [vads_capture_delay] => 
    [vads_contrib] => WooCommerce_2.x-8.x_1.13.1/6.5.3_8.7.0/8.1.27
    [vads_ctx_mode] => TEST
    [vads_currency] => 978
    [vads_cust_address] => test test
    [vads_cust_city] => test
    [vads_cust_country] => FR
    [vads_cust_email] => julien@pixodeo.net
    [vads_cust_first_name] => julien
    [vads_cust_id] => 1
    [vads_cust_last_name] => dev
    [vads_cust_phone] => 6125555555
    [vads_cust_state] => 
    [vads_cust_status] => 
    [vads_cust_zip] => 33021
    [vads_cust_national_id] => 
    [vads_cust_address_number] => 
    [vads_cust_district] => test
    [vads_language] => en
    [vads_order_id] => 30334
    [vads_page_action] => PAYMENT
    [vads_payment_cards] => CB;E-CARTEBLEUE;MAESTRO;MASTERCARD;VISA;VISA_ELECTRON
    [vads_payment_config] => SINGLE
    [vads_return_mode] => POST
    [vads_ship_to_city] => test
    [vads_ship_to_country] => FR
    [vads_ship_to_first_name] => julien
    [vads_ship_to_last_name] => dev
    [vads_ship_to_state] => 
    [vads_ship_to_street] => test
    [vads_ship_to_street2] => test
    [vads_ship_to_zip] => 33021
    [vads_shipping_amount] => 0
    [vads_site_id] => 12345678
    [vads_totalamount_vat] => 1667
    [vads_trans_date] => 20240515072839
    [vads_trans_id] => 269193
    [vads_url_return] => https://phn.pixodeo.dev/?wc-api=WC_Gateway_Systempay
    [vads_validation_mode] => 0
    [vads_version] => V2
    [vads_ext_info_order_key] => wc_order_PwbhovUwRhr96
    [vads_ext_info_blog_id] => 0
    [vads_ext_info_session_id] => GL6FgEcMdP0XTNUr0ttJZ6XScQnu5fAwjuPnlVl8967
)
 CONTEXT: {"_legacy":true}
2024-05-15T07:37:33+00:00 NOTICE Generating payment form for order #30334. CONTEXT: {"_legacy":true}
2024-05-15T07:37:33+00:00 NOTICE Data to be sent to payment gateway : Array
(
    [signature] => 23QpxZNa/VfySExJUsCFB4sPqARGrj88LMIKmcR4m2s=
    [vads_action_mode] => INTERACTIVE
    [vads_amount] => 10000
    [vads_capture_delay] => 
    [vads_contrib] => WooCommerce_2.x-8.x_1.13.1/6.5.3_8.7.0/8.1.27
    [vads_ctx_mode] => TEST
    [vads_currency] => 978
    [vads_cust_address] => test test
    [vads_cust_city] => test
    [vads_cust_country] => FR
    [vads_cust_email] => julien@pixodeo.net
    [vads_cust_first_name] => julien
    [vads_cust_id] => 1
    [vads_cust_last_name] => dev
    [vads_cust_phone] => 6125555555
    [vads_cust_state] => 
    [vads_cust_status] => 
    [vads_cust_zip] => 33021
    [vads_cust_national_id] => 
    [vads_cust_address_number] => 
    [vads_cust_district] => test
    [vads_language] => en
    [vads_order_id] => 30334
    [vads_page_action] => PAYMENT
    [vads_payment_cards] => CB;E-CARTEBLEUE;MAESTRO;MASTERCARD;VISA;VISA_ELECTRON
    [vads_payment_config] => SINGLE
    [vads_return_mode] => POST
    [vads_ship_to_city] => test
    [vads_ship_to_country] => FR
    [vads_ship_to_first_name] => julien
    [vads_ship_to_last_name] => dev
    [vads_ship_to_state] => 
    [vads_ship_to_street] => test
    [vads_ship_to_street2] => test
    [vads_ship_to_zip] => 33021
    [vads_shipping_amount] => 0
    [vads_site_id] => 98191832
    [vads_totalamount_vat] => 1667
    [vads_trans_date] => 20240515073733
    [vads_trans_id] => 274532
    [vads_url_return] => https://phn.pixodeo.dev/?wc-api=WC_Gateway_Systempay
    [vads_validation_mode] => 0
    [vads_version] => V2
    [vads_ext_info_order_key] => wc_order_PwbhovUwRhr96
    [vads_ext_info_blog_id] => 0
    [vads_ext_info_session_id] => GL6FgEcMdP0XTNUr0ttJZ6XScQnu5fAwjuPnlVl8967
)
 CONTEXT: {"_legacy":true}
2024-05-15T07:47:33+00:00 NOTICE Generating payment form for order #30334. CONTEXT: {"_legacy":true}
2024-05-15T07:47:33+00:00 NOTICE Data to be sent to payment gateway : Array
(
    [signature] => r8PDFbGojk/8RxWM90tx/hr2jQzXJuDBYhumEI7vwvY=
    [vads_action_mode] => INTERACTIVE
    [vads_amount] => 10000
    [vads_capture_delay] => 
    [vads_contrib] => WooCommerce_2.x-8.x_1.13.1/6.5.3_8.7.0/8.1.27
    [vads_ctx_mode] => TEST
    [vads_currency] => 978
    [vads_cust_address] => test test
    [vads_cust_city] => test
    [vads_cust_country] => FR
    [vads_cust_email] => julien@pixodeo.net
    [vads_cust_first_name] => julien
    [vads_cust_id] => 1
    [vads_cust_last_name] => dev
    [vads_cust_phone] => 6125555555
    [vads_cust_state] => 
    [vads_cust_status] => 
    [vads_cust_zip] => 33021
    [vads_cust_national_id] => 
    [vads_cust_address_number] => 
    [vads_cust_district] => test
    [vads_language] => en
    [vads_order_id] => 30334
    [vads_page_action] => PAYMENT
    [vads_payment_cards] => CB;E-CARTEBLEUE;MAESTRO;MASTERCARD;VISA;VISA_ELECTRON
    [vads_payment_config] => SINGLE
    [vads_return_mode] => POST
    [vads_ship_to_city] => test
    [vads_ship_to_country] => FR
    [vads_ship_to_first_name] => julien
    [vads_ship_to_last_name] => dev
    [vads_ship_to_state] => 
    [vads_ship_to_street] => test
    [vads_ship_to_street2] => test
    [vads_ship_to_zip] => 33021
    [vads_shipping_amount] => 0
    [vads_site_id] => 98191832
    [vads_totalamount_vat] => 1667
    [vads_trans_date] => 20240515074733
    [vads_trans_id] => 280536
    [vads_url_return] => https://phn.pixodeo.dev/?wc-api=WC_Gateway_Systempay
    [vads_validation_mode] => 0
    [vads_version] => V2
    [vads_ext_info_order_key] => wc_order_PwbhovUwRhr96
    [vads_ext_info_blog_id] => 0
    [vads_ext_info_session_id] => GL6FgEcMdP0XTNUr0ttJZ6XScQnu5fAwjuPnlVl8967
)
 CONTEXT: {"_legacy":true}
2024-05-15T07:48:55+00:00 NOTICE Payment successfull, let's complete order #30334. CONTEXT: {"_legacy":true}
2024-05-15T07:48:56+00:00 NOTICE Payment processed successfully by IPN URL call for order #30334. CONTEXT: {"_legacy":true}
2024-05-15T07:48:56+00:00 NOTICE IPN URL PROCESS END CONTEXT: {"_legacy":true}
2024-05-15T07:49:05+00:00 NOTICE Order #30334 is already saved. CONTEXT: {"_legacy":true}
2024-05-15T07:49:05+00:00 NOTICE Payment successful confirmed for order #30334. CONTEXT: {"_legacy":true}
2024-05-15T07:49:05+00:00 NOTICE RETURN URL PROCESS END CONTEXT: {"_legacy":true}
2024-05-15T09:17:26+00:00 NOTICE Generating payment form for order #30336. CONTEXT: {"_legacy":true}
2024-05-15T09:17:26+00:00 NOTICE Data to be sent to payment gateway : Array
(
    [signature] => pxrqP8Xb0e9WzDLMAu4X4Sj7h9OzxsCHQFNrEPpFjMc=
    [vads_action_mode] => INTERACTIVE
    [vads_amount] => 10000
    [vads_capture_delay] => 
    [vads_contrib] => WooCommerce_2.x-8.x_1.13.1/6.5.3_8.7.0/8.1.27
    [vads_ctx_mode] => TEST
    [vads_currency] => 978
    [vads_cust_address] => test test
    [vads_cust_city] => test
    [vads_cust_country] => FR
    [vads_cust_email] => julien@pixodeo.net
    [vads_cust_first_name] => julien
    [vads_cust_id] => 1
    [vads_cust_last_name] => dev
    [vads_cust_phone] => 6125555555
    [vads_cust_state] => 
    [vads_cust_status] => 
    [vads_cust_zip] => 33021
    [vads_cust_national_id] => 
    [vads_cust_address_number] => 
    [vads_cust_district] => test
    [vads_language] => en
    [vads_order_id] => 30336
    [vads_page_action] => PAYMENT
    [vads_payment_cards] => CB;E-CARTEBLEUE;MAESTRO;MASTERCARD;VISA;VISA_ELECTRON;VPAY;AMEX;ACCORD_STORE;ACCORD_STORE_SB;ALINEA;ALINEA_CDX;ALINEA_CDX_SB;ALINEA_SB;ALLOBEBE_CDX;ALLOBEBE_CDX_SB;APETIZ;AUCHAN;AUCHAN_SB;AURORE-MULTI;BANCONTACT;BIZZBEE_CDX;BIZZBEE_CDX_SB;BOULANGER;BOULANGER_SB;BRICE_CDX;BRICE_CDX_SB;BUT;CASINO;CA_DO_CARTE;CDGP;CDISCOUNT;CHQ_DEJ;COFINOGA;COM_BARRY_CDX;COM_BARRY_CDX_SB;CONECS;CONFORAMA;CORA;CORA_BLANCHE;CORA_PREM;CORA_VISA;CVCO;DINERS;DISCOVER;EDENRED;EPNF_3X;EPNF_4X;GEMO_CDX;GEMO_CDX_SB;GIROPAY;IDEAL;ILLICADO;ILLICADO_SB;JCB;JOUECLUB_CDX;JOUECLUB_CDX_SB;JULES_CDX;JULES_CDX_SB;KADEOS_CULTURE;KADEOS_GIFT;KLARNA;LECLERC;LEROY-MERLIN;LEROY-MERLIN_SB;NORAUTO;NORAUTO_SB;ONEY;ONEY_10X_12X;ONEY_3X_4X;ONEY_ENSEIGNE;ONEY_PAYLATER;ONEY_SANDBOX;PAYPAL;S-MONEY;VILLAVERDE;VILLAVERDE_SB
    [vads_payment_config] => SINGLE
    [vads_return_mode] => POST
    [vads_ship_to_city] => test
    [vads_ship_to_country] => FR
    [vads_ship_to_first_name] => julien
    [vads_ship_to_last_name] => dev
    [vads_ship_to_state] => 
    [vads_ship_to_street] => test
    [vads_ship_to_street2] => test
    [vads_ship_to_zip] => 33021
    [vads_shipping_amount] => 0
    [vads_site_id] => 98191832
    [vads_totalamount_vat] => 1667
    [vads_trans_date] => 20240515091725
    [vads_trans_id] => 334459
    [vads_url_return] => https://phn.pixodeo.dev/?wc-api=WC_Gateway_Systempay
    [vads_validation_mode] => 0
    [vads_version] => V2
    [vads_ext_info_order_key] => wc_order_jAfLA4dsFkuP0
    [vads_ext_info_blog_id] => 0
    [vads_ext_info_session_id] => GL6FgEcMdP0XTNUr0ttJZ6XScQnu5fAwjuPnlVl8967
)
 CONTEXT: {"_legacy":true}
2024-05-15T09:18:40+00:00 NOTICE Generating payment form for order #30336. CONTEXT: {"_legacy":true}
2024-05-15T09:18:40+00:00 NOTICE Data to be sent to payment gateway : Array
(
    [signature] => UyVpHrrGk/k5EzVAIzLeHalWZ4WtKZ1imhcG9wXV7/0=
    [vads_action_mode] => INTERACTIVE
    [vads_amount] => 10000
    [vads_capture_delay] => 
    [vads_contrib] => WooCommerce_2.x-8.x_1.13.1/6.5.3_8.7.0/8.1.27
    [vads_ctx_mode] => TEST
    [vads_currency] => 978
    [vads_cust_address] => test test
    [vads_cust_city] => test
    [vads_cust_country] => FR
    [vads_cust_email] => julien@pixodeo.net
    [vads_cust_first_name] => julien
    [vads_cust_id] => 1
    [vads_cust_last_name] => dev
    [vads_cust_phone] => 6125555555
    [vads_cust_state] => 
    [vads_cust_status] => 
    [vads_cust_zip] => 33021
    [vads_cust_national_id] => 
    [vads_cust_address_number] => 
    [vads_cust_district] => test
    [vads_language] => en
    [vads_order_id] => 30336
    [vads_page_action] => PAYMENT
    [vads_payment_cards] => CB;E-CARTEBLEUE;MAESTRO;MASTERCARD;VISA_ELECTRON;S-MONEY
    [vads_payment_config] => SINGLE
    [vads_return_mode] => POST
    [vads_ship_to_city] => test
    [vads_ship_to_country] => FR
    [vads_ship_to_first_name] => julien
    [vads_ship_to_last_name] => dev
    [vads_ship_to_state] => 
    [vads_ship_to_street] => test
    [vads_ship_to_street2] => test
    [vads_ship_to_zip] => 33021
    [vads_shipping_amount] => 0
    [vads_site_id] => 98191832
    [vads_totalamount_vat] => 1667
    [vads_trans_date] => 20240515091839
    [vads_trans_id] => 335199
    [vads_url_return] => https://phn.pixodeo.dev/?wc-api=WC_Gateway_Systempay
    [vads_validation_mode] => 0
    [vads_version] => V2
    [vads_ext_info_order_key] => wc_order_jAfLA4dsFkuP0
    [vads_ext_info_blog_id] => 0
    [vads_ext_info_session_id] => GL6FgEcMdP0XTNUr0ttJZ6XScQnu5fAwjuPnlVl8967
)
 CONTEXT: {"_legacy":true}
2024-05-15T09:36:15+00:00 NOTICE Generating payment form for order #30336. CONTEXT: {"_legacy":true}
2024-05-15T09:36:15+00:00 NOTICE Data to be sent to payment gateway : Array
(
    [signature] => q3/Mtk5kfhNpwPXDZtiTSSSCfLQqeruCMtVVZqX6Na4=
    [vads_action_mode] => INTERACTIVE
    [vads_amount] => 10000
    [vads_capture_delay] => 
    [vads_contrib] => WooCommerce_2.x-8.x_1.13.1/6.5.3_8.7.0/8.1.27
    [vads_ctx_mode] => TEST
    [vads_currency] => 978
    [vads_cust_address] => test test
    [vads_cust_city] => test
    [vads_cust_country] => FR
    [vads_cust_email] => julien@pixodeo.net
    [vads_cust_first_name] => julien
    [vads_cust_id] => 1
    [vads_cust_last_name] => dev
    [vads_cust_phone] => 6125555555
    [vads_cust_state] => 
    [vads_cust_status] => 
    [vads_cust_zip] => 33021
    [vads_cust_national_id] => 
    [vads_cust_address_number] => 
    [vads_cust_district] => test
    [vads_language] => en
    [vads_order_id] => 30336
    [vads_page_action] => PAYMENT
    [vads_payment_cards] => CB;E-CARTEBLEUE;MAESTRO;MASTERCARD;VISA_ELECTRON;CVCO;S-MONEY
    [vads_payment_config] => SINGLE
    [vads_return_mode] => POST
    [vads_ship_to_city] => test
    [vads_ship_to_country] => FR
    [vads_ship_to_first_name] => julien
    [vads_ship_to_last_name] => dev
    [vads_ship_to_state] => 
    [vads_ship_to_street] => test
    [vads_ship_to_street2] => test
    [vads_ship_to_zip] => 33021
    [vads_shipping_amount] => 0
    [vads_site_id] => 98191832
    [vads_totalamount_vat] => 1667
    [vads_trans_date] => 20240515093615
    [vads_trans_id] => 345751
    [vads_url_return] => https://phn.pixodeo.dev/?wc-api=WC_Gateway_Systempay
    [vads_validation_mode] => 0
    [vads_version] => V2
    [vads_ext_info_order_key] => wc_order_jAfLA4dsFkuP0
    [vads_ext_info_blog_id] => 0
    [vads_ext_info_session_id] => GL6FgEcMdP0XTNUr0ttJZ6XScQnu5fAwjuPnlVl8967
)
 CONTEXT: {"_legacy":true}
2024-05-15T09:38:56+00:00 NOTICE Generating payment form for order #30336. CONTEXT: {"_legacy":true}
2024-05-15T09:38:56+00:00 NOTICE Data to be sent to payment gateway : Array
(
    [signature] => NQG8m/203fG787oxzjp7Ds2FBMbmJrKhPhmJvt0+qC8=
    [vads_action_mode] => INTERACTIVE
    [vads_amount] => 10000
    [vads_capture_delay] => 
    [vads_contrib] => WooCommerce_2.x-8.x_1.13.1/6.5.3_8.7.0/8.1.27
    [vads_ctx_mode] => TEST
    [vads_currency] => 978
    [vads_cust_address] => test test
    [vads_cust_city] => test
    [vads_cust_country] => FR
    [vads_cust_email] => julien@pixodeo.net
    [vads_cust_first_name] => julien
    [vads_cust_id] => 1
    [vads_cust_last_name] => dev
    [vads_cust_phone] => 6125555555
    [vads_cust_state] => 
    [vads_cust_status] => 
    [vads_cust_zip] => 33021
    [vads_cust_national_id] => 
    [vads_cust_address_number] => 
    [vads_cust_district] => test
    [vads_language] => en
    [vads_order_id] => 30336
    [vads_page_action] => PAYMENT
    [vads_payment_cards] => CB;E-CARTEBLEUE;MAESTRO;MASTERCARD;VISA_ELECTRON;COM_BARRY_CDX_SB;CVCO;S-MONEY
    [vads_payment_config] => SINGLE
    [vads_return_mode] => POST
    [vads_ship_to_city] => test
    [vads_ship_to_country] => FR
    [vads_ship_to_first_name] => julien
    [vads_ship_to_last_name] => dev
    [vads_ship_to_state] => 
    [vads_ship_to_street] => test
    [vads_ship_to_street2] => test
    [vads_ship_to_zip] => 33021
    [vads_shipping_amount] => 0
    [vads_site_id] => 98191832
    [vads_totalamount_vat] => 1667
    [vads_trans_date] => 20240515093856
    [vads_trans_id] => 347365
    [vads_url_return] => https://phn.pixodeo.dev/?wc-api=WC_Gateway_Systempay
    [vads_validation_mode] => 0
    [vads_version] => V2
    [vads_ext_info_order_key] => wc_order_jAfLA4dsFkuP0
    [vads_ext_info_blog_id] => 0
    [vads_ext_info_session_id] => GL6FgEcMdP0XTNUr0ttJZ6XScQnu5fAwjuPnlVl8967
)
 CONTEXT: {"_legacy":true}
2024-05-15T10:54:19+00:00 NOTICE Generating payment form for order #30338. CONTEXT: {"_legacy":true}
2024-05-15T10:54:19+00:00 NOTICE Data to be sent to payment gateway : Array
(
    [signature] => Lgksu8vgrbV6SAvfd8NEfW/2EezpCzOolyDMUMLvYuE=
    [vads_action_mode] => INTERACTIVE
    [vads_amount] => 10000
    [vads_capture_delay] => 
    [vads_contrib] => WooCommerce_2.x-8.x_1.13.1/6.5.3_8.7.0/8.1.27
    [vads_ctx_mode] => TEST
    [vads_currency] => 978
    [vads_cust_address] => test test
    [vads_cust_city] => test
    [vads_cust_country] => FR
    [vads_cust_email] => julien@pixodeo.net
    [vads_cust_first_name] => julien
    [vads_cust_id] => 1
    [vads_cust_last_name] => dev
    [vads_cust_phone] => 6125555555
    [vads_cust_state] => 
    [vads_cust_status] => 
    [vads_cust_zip] => 33021
    [vads_cust_national_id] => 
    [vads_cust_address_number] => 
    [vads_cust_district] => test
    [vads_language] => en
    [vads_order_id] => 30338
    [vads_page_action] => PAYMENT
    [vads_payment_cards] => CB;E-CARTEBLEUE;MAESTRO;MASTERCARD;VISA_ELECTRON;COM_BARRY_CDX_SB;CVCO;S-MONEY
    [vads_payment_config] => SINGLE
    [vads_return_mode] => POST
    [vads_ship_to_city] => test
    [vads_ship_to_country] => FR
    [vads_ship_to_first_name] => julien
    [vads_ship_to_last_name] => dev
    [vads_ship_to_state] => 
    [vads_ship_to_street] => test
    [vads_ship_to_street2] => test
    [vads_ship_to_zip] => 33021
    [vads_shipping_amount] => 0
    [vads_site_id] => 98191832
    [vads_totalamount_vat] => 1667
    [vads_trans_date] => 20240515105419
    [vads_trans_id] => 392594
    [vads_url_return] => https://phn.pixodeo.dev/?wc-api=WC_Gateway_Systempay
    [vads_validation_mode] => 0
    [vads_version] => V2
    [vads_ext_info_order_key] => wc_order_EAeNBRsT2xsxs
    [vads_ext_info_blog_id] => 0
    [vads_ext_info_session_id] => GL6FgEcMdP0XTNUr0ttJZ6XScQnu5fAwjuPnlVl8967
)
 CONTEXT: {"_legacy":true}
