2024-05-23T10:31:10+00:00 NOTICE Generating payment form for order #30443. CONTEXT: {"_legacy":true}
2024-05-23T10:31:10+00:00 NOTICE Data to be sent to payment gateway : Array
(
    [signature] => YlLTEC3jxRmdDxWOI+sL2MqidDrz/xipEcGe9NHHxvQ=
    [vads_action_mode] => INTERACTIVE
    [vads_amount] => 22200
    [vads_capture_delay] => 
    [vads_contrib] => WooCommerce_2.x-8.x_1.13.1/6.5.3_8.7.0/8.1.27
    [vads_ctx_mode] => TEST
    [vads_currency] => 978
    [vads_cust_address] => 4 villa des Belles Vues N/A
    [vads_cust_city] => Fontenay-sous-Bois
    [vads_cust_country] => FR
    [vads_cust_email] => pnoyez@wanadoo.fr
    [vads_cust_first_name] => Philippe
    [vads_cust_id] => 3
    [vads_cust_last_name] => Noyez
    [vads_cust_phone] => 0685667886
    [vads_cust_state] => 
    [vads_cust_status] => 
    [vads_cust_zip] => 94120
    [vads_cust_national_id] => 
    [vads_cust_address_number] => 
    [vads_cust_district] => Fontenay-sous-Bois
    [vads_language] => en
    [vads_order_id] => 30443
    [vads_page_action] => PAYMENT
    [vads_payment_cards] => CB;E-CARTEBLEUE;MAESTRO;MASTERCARD;VISA_ELECTRON;COM_BARRY_CDX_SB;CVCO;S-MONEY
    [vads_payment_config] => SINGLE
    [vads_return_mode] => POST
    [vads_ship_to_city] => Fontenay-sous-Bois
    [vads_ship_to_country] => FR
    [vads_ship_to_first_name] => Philippe
    [vads_ship_to_last_name] => Noyez
    [vads_ship_to_state] => 
    [vads_ship_to_street] => 4 villa des Belles Vues
    [vads_ship_to_street2] => N/A
    [vads_ship_to_zip] => 94120
    [vads_shipping_amount] => 0
    [vads_site_id] => 98191832
    [vads_totalamount_vat] => 2018
    [vads_trans_date] => 20240523103110
    [vads_trans_id] => 378707
    [vads_url_return] => https://phn.pixodeo.dev/?wc-api=WC_Gateway_Systempay
    [vads_validation_mode] => 0
    [vads_version] => V2
    [vads_ext_info_order_key] => wc_order_4zfB54KHM2lkF
    [vads_ext_info_blog_id] => 0
    [vads_ext_info_session_id] => IVEwPBrWmt0S9sltFhFU6LfCNvTEuZX75cbkpvpISt4
)
 CONTEXT: {"_legacy":true}
2024-05-23T10:34:49+00:00 NOTICE Payment failed or cancelled for order #30443. Action canceled (17).  Payment guarantee not applicable. CONTEXT: {"_legacy":true}
2024-05-23T10:34:50+00:00 NOTICE Order #30443 status updated successfully on failure. CONTEXT: {"_legacy":true}
2024-05-23T10:34:50+00:00 NOTICE RETURN URL PROCESS END CONTEXT: {"_legacy":true}
2024-05-23T10:43:14+00:00 NOTICE Generating payment form for order #30444. CONTEXT: {"_legacy":true}
2024-05-23T10:43:14+00:00 NOTICE Data to be sent to payment gateway : Array
(
    [signature] => 20DYz9B1ULFQY9w0QmezZIE0M7iWdhmYNlVB4wFpGD0=
    [vads_action_mode] => INTERACTIVE
    [vads_amount] => 10000
    [vads_capture_delay] => 
    [vads_contrib] => WooCommerce_2.x-8.x_1.13.1/6.5.3_8.7.0/8.1.27
    [vads_ctx_mode] => TEST
    [vads_currency] => 978
    [vads_cust_address] => 4 villa des Belles Vues N/A
    [vads_cust_city] => Fontenay-sous-Bois
    [vads_cust_country] => FR
    [vads_cust_email] => pnoyez@wanadoo.fr
    [vads_cust_first_name] => Philippe
    [vads_cust_id] => 3
    [vads_cust_last_name] => Noyez
    [vads_cust_phone] => 0685667886
    [vads_cust_state] => 
    [vads_cust_status] => 
    [vads_cust_zip] => 94120
    [vads_cust_national_id] => 
    [vads_cust_address_number] => 
    [vads_cust_district] => Fontenay-sous-Bois
    [vads_language] => fr
    [vads_order_id] => 30444
    [vads_page_action] => PAYMENT
    [vads_payment_cards] => CB;E-CARTEBLEUE;MAESTRO;MASTERCARD;VISA_ELECTRON;COM_BARRY_CDX_SB;CVCO;S-MONEY
    [vads_payment_config] => SINGLE
    [vads_return_mode] => POST
    [vads_ship_to_city] => Fontenay-sous-Bois
    [vads_ship_to_country] => FR
    [vads_ship_to_first_name] => Philippe
    [vads_ship_to_last_name] => Noyez
    [vads_ship_to_state] => 
    [vads_ship_to_street] => 4 villa des Belles Vues
    [vads_ship_to_street2] => N/A
    [vads_ship_to_zip] => 94120
    [vads_shipping_amount] => 0
    [vads_site_id] => 98191832
    [vads_totalamount_vat] => 909
    [vads_trans_date] => 20240523104314
    [vads_trans_id] => 385942
    [vads_url_return] => https://phn.pixodeo.dev/?wc-api=WC_Gateway_Systempay
    [vads_validation_mode] => 0
    [vads_version] => V2
    [vads_ext_info_order_key] => wc_order_bu1FinKQHkkJ3
    [vads_ext_info_blog_id] => 0
    [vads_ext_info_session_id] => y0DRsYCOvT10cG2NsO4XsJxcgah3rEM0Ey8kesCKipj
)
 CONTEXT: {"_legacy":true}
2024-05-23T12:05:45+00:00 NOTICE Generating payment form for order #30444. CONTEXT: {"_legacy":true}
2024-05-23T12:05:45+00:00 NOTICE Data to be sent to payment gateway : Array
(
    [signature] => jx4xzsJAy4SdoZIY+hWu7kKwmzPJWqBfiKI/Q8vBsW4=
    [vads_action_mode] => INTERACTIVE
    [vads_amount] => 10000
    [vads_capture_delay] => 
    [vads_contrib] => WooCommerce_2.x-8.x_1.13.1/6.5.3_8.7.0/8.1.27
    [vads_ctx_mode] => TEST
    [vads_currency] => 978
    [vads_cust_address] => 4 villa des Belles Vues
    [vads_cust_city] => Fontenay-sous-Bois
    [vads_cust_country] => FR
    [vads_cust_email] => pnoyez@wanadoo.fr
    [vads_cust_first_name] => Philippe
    [vads_cust_id] => 3
    [vads_cust_last_name] => Noyez
    [vads_cust_phone] => 0685667886
    [vads_cust_state] => 
    [vads_cust_status] => 
    [vads_cust_zip] => 94120
    [vads_cust_national_id] => 
    [vads_cust_address_number] => 
    [vads_cust_district] => Fontenay-sous-Bois
    [vads_language] => fr
    [vads_order_id] => 30444
    [vads_page_action] => PAYMENT
    [vads_payment_cards] => CB;E-CARTEBLEUE;MAESTRO;MASTERCARD;VISA_ELECTRON;COM_BARRY_CDX_SB;CVCO;S-MONEY
    [vads_payment_config] => SINGLE
    [vads_return_mode] => POST
    [vads_ship_to_city] => Fontenay-sous-Bois
    [vads_ship_to_country] => FR
    [vads_ship_to_first_name] => Philippe
    [vads_ship_to_last_name] => Noyez
    [vads_ship_to_state] => 
    [vads_ship_to_street] => 4
    [vads_ship_to_street2] => villa des Belles Vues
    [vads_ship_to_zip] => 94120
    [vads_shipping_amount] => 0
    [vads_site_id] => 98191832
    [vads_totalamount_vat] => 909
    [vads_trans_date] => 20240523120545
    [vads_trans_id] => 435451
    [vads_url_return] => https://phn.pixodeo.dev/?wc-api=WC_Gateway_Systempay
    [vads_validation_mode] => 0
    [vads_version] => V2
    [vads_ext_info_order_key] => wc_order_bu1FinKQHkkJ3
    [vads_ext_info_blog_id] => 0
    [vads_ext_info_session_id] => jvXI293aJUgAqbX4CNySdzHExGAk36GzbOvq5BJ9eWC
)
 CONTEXT: {"_legacy":true}
2024-05-23T12:09:41+00:00 NOTICE Payment successfull, let's complete order #30444. CONTEXT: {"_legacy":true}
2024-05-23T12:09:43+00:00 NOTICE Payment processed successfully by IPN URL call for order #30444. CONTEXT: {"_legacy":true}
2024-05-23T12:09:43+00:00 NOTICE IPN URL PROCESS END CONTEXT: {"_legacy":true}
