2024-06-24T01:47:38+00:00 NOTICE Generating payment form for order #30706. CONTEXT: {"_legacy":true}
2024-06-24T01:47:38+00:00 NOTICE Data to be sent to payment gateway : Array
(
    [signature] => a6eTuRS3GMhK7cbK7nwCE9IsustXMohfn1kfacZD/Tk=
    [vads_action_mode] => INTERACTIVE
    [vads_amount] => 112000
    [vads_capture_delay] => 
    [vads_contrib] => WooCommerce_2.x-8.x_1.13.1/6.5.4_8.7.0/8.0.0
    [vads_ctx_mode] => TEST
    [vads_currency] => 978
    [vads_cust_address] => test test
    [vads_cust_city] => test
    [vads_cust_country] => FR
    [vads_cust_email] => julienpixodeo@gmail.com
    [vads_cust_first_name] => julien
    [vads_cust_id] => 1
    [vads_cust_last_name] => dev
    [vads_cust_phone] => 6125555555
    [vads_cust_state] => 
    [vads_cust_status] => 
    [vads_cust_zip] => 33021
    [vads_cust_national_id] => 
    [vads_cust_address_number] => 
    [vads_cust_district] => test
    [vads_language] => en
    [vads_order_id] => 30706
    [vads_page_action] => PAYMENT
    [vads_payment_cards] => CB;E-CARTEBLEUE;MAESTRO;MASTERCARD;VISA_ELECTRON;COM_BARRY_CDX_SB;CVCO;S-MONEY
    [vads_payment_config] => SINGLE
    [vads_return_mode] => POST
    [vads_ship_to_city] => test
    [vads_ship_to_country] => FR
    [vads_ship_to_first_name] => julien
    [vads_ship_to_last_name] => dev
    [vads_ship_to_state] => 
    [vads_ship_to_street] => test
    [vads_ship_to_street2] => test
    [vads_ship_to_zip] => 33021
    [vads_shipping_amount] => 0
    [vads_site_id] => 98191832
    [vads_totalamount_vat] => 8364
    [vads_trans_date] => 20240624014738
    [vads_trans_id] => 064580
    [vads_url_return] => http://localhost/phn-git/phn/?wc-api=WC_Gateway_Systempay
    [vads_validation_mode] => 0
    [vads_version] => V2
    [vads_ext_info_order_key] => wc_order_uaHvDv4oquYnG
    [vads_ext_info_blog_id] => 0
    [vads_ext_info_session_id] => QtawECfxAkX1DqAv8GlZjLsK7I6m1f6iFTNPLGv6tFK
)
 CONTEXT: {"_legacy":true}
2024-06-24T01:48:08+00:00 NOTICE Payment successfull, let's complete order #30706. CONTEXT: {"_legacy":true}
2024-06-24T01:48:21+00:00 NOTICE Warning! IPN URL call has not worked. Payment completed by return URL call for order #30706. CONTEXT: {"_legacy":true}
2024-06-24T01:48:21+00:00 NOTICE RETURN URL PROCESS END CONTEXT: {"_legacy":true}
